e:\fi\pinball\proyectofinal_pinball\proyectofinal_pinball\debug\vc141.pdb
e:\fi\pinball\proyectofinal_pinball\proyectofinal_pinball\debug\vc141.idb
e:\fi\pinball\proyectofinal_pinball\proyectofinal_pinball\debug\window.obj
e:\fi\pinball\proyectofinal_pinball\proyectofinal_pinball\debug\texture.obj
e:\fi\pinball\proyectofinal_pinball\proyectofinal_pinball\debug\spotlight.obj
e:\fi\pinball\proyectofinal_pinball\proyectofinal_pinball\debug\sphere.obj
e:\fi\pinball\proyectofinal_pinball\proyectofinal_pinball\debug\skybox.obj
e:\fi\pinball\proyectofinal_pinball\proyectofinal_pinball\debug\shader_light.obj
e:\fi\pinball\proyectofinal_pinball\proyectofinal_pinball\debug\pointlight.obj
e:\fi\pinball\proyectofinal_pinball\proyectofinal_pinball\debug\pinball.obj
e:\fi\pinball\proyectofinal_pinball\proyectofinal_pinball\debug\model.obj
e:\fi\pinball\proyectofinal_pinball\proyectofinal_pinball\debug\mesh_tn.obj
e:\fi\pinball\proyectofinal_pinball\proyectofinal_pinball\debug\material.obj
e:\fi\pinball\proyectofinal_pinball\proyectofinal_pinball\debug\light.obj
e:\fi\pinball\proyectofinal_pinball\proyectofinal_pinball\debug\directionallight.obj
e:\fi\pinball\proyectofinal_pinball\proyectofinal_pinball\debug\camera.obj
e:\fi\pinball\proyectofinal_pinball\debug\proyectofinal_pinball.exe
e:\fi\pinball\proyectofinal_pinball\debug\proyectofinal_pinball.ilk
e:\fi\pinball\proyectofinal_pinball\debug\proyectofinal_pinball.pdb
e:\fi\pinball\proyectofinal_pinball\proyectofinal_pinball\debug\proyecto.c76a7466.tlog\cl.command.1.tlog
e:\fi\pinball\proyectofinal_pinball\proyectofinal_pinball\debug\proyecto.c76a7466.tlog\cl.read.1.tlog
e:\fi\pinball\proyectofinal_pinball\proyectofinal_pinball\debug\proyecto.c76a7466.tlog\cl.write.1.tlog
e:\fi\pinball\proyectofinal_pinball\proyectofinal_pinball\debug\proyecto.c76a7466.tlog\link.command.1.tlog
e:\fi\pinball\proyectofinal_pinball\proyectofinal_pinball\debug\proyecto.c76a7466.tlog\link.read.1.tlog
e:\fi\pinball\proyectofinal_pinball\proyectofinal_pinball\debug\proyecto.c76a7466.tlog\link.write.1.tlog
